<?xml version="1.0" encoding="UTF-8"?>
<!-- Generated by org.testng.reporters.JUnitReportReporter -->
<testsuite hostname="LAPTOP-AQIQLLBC" failures="0" tests="6" name="SeleniumConcept.day3" time="0.021" errors="0" timestamp="3 Feb 2025 16:41:50 GMT" skipped="0">
  <testcase classname="SeleniumConcept.day3" name="Aswift" time="0.001"/>
  <testcase classname="SeleniumConcept.day3" name="dgrandvista" time="0.013"/>
  <testcase classname="SeleniumConcept.day3" name="suzuki" time="0.003"/>
  <testcase classname="SeleniumConcept.day3" name="bbpunch" time="0.001"/>
  <testcase classname="SeleniumConcept.day3" name="bpunch" time="0.001"/>
  <testcase classname="SeleniumConcept.day3" name="cvista" time="0.002"/>
</testsuite> <!-- SeleniumConcept.day3 -->
