<?xml version="1.0" encoding="UTF-8"?>
<!-- Generated by org.testng.reporters.JUnitReportReporter -->
<testsuite hostname="LAPTOP-AQIQLLBC" failures="0" tests="2" name="SeleniumConcept.day2" time="0.002" errors="0" timestamp="3 Feb 2025 05:04:58 GMT" skipped="0">
  <testcase classname="SeleniumConcept.day2" name="carloan" time="0.001"/>
  <testcase classname="SeleniumConcept.day2" name="loan" time="0.001"/>
</testsuite> <!-- SeleniumConcept.day2 -->
