<?xml version="1.0" encoding="UTF-8"?>
<!-- Generated by org.testng.reporters.JUnitReportReporter -->
<testsuite hostname="LAPTOP-AQIQLLBC" failures="0" tests="3" name="RahulSettyAcademy.test.submitOrderTest" time="30.561" errors="0" timestamp="2025-02-16T09:05:34 IST" skipped="0">
  <testcase classname="RahulSettyAcademy.test.submitOrderTest" name="OrderHistory" time="4.519"/>
  <system-out/>
  <testcase classname="RahulSettyAcademy.test.submitOrderTest" name="submitOrder" time="7.551"/>
  <system-out/>
  <testcase classname="RahulSettyAcademy.test.submitOrderTest" name="submitOrder" time="18.491"/>
  <system-out/>
</testsuite> <!-- RahulSettyAcademy.test.submitOrderTest -->
