<?xml version="1.0" encoding="UTF-8"?>
<!-- Generated by org.testng.reporters.JUnitReportReporter -->
<testsuite hostname="LAPTOP-AQIQLLBC" failures="0" tests="2" name="SeleniumConcept.day1" time="0.017" errors="0" timestamp="3 Feb 2025 05:04:58 GMT" skipped="0">
  <testcase classname="SeleniumConcept.day1" name="secondTest" time="0.002"/>
  <testcase classname="SeleniumConcept.day1" name="Demo" time="0.015"/>
</testsuite> <!-- SeleniumConcept.day1 -->
