<?xml version="1.0" encoding="UTF-8"?>
<!-- Generated by org.testng.reporters.JUnitReportReporter -->
<testsuite hostname="LAPTOP-AQIQLLBC" failures="0" tests="3" name="SeleniumConcept.day5" time="0.017" errors="0" timestamp="3 Feb 2025 05:51:13 GMT" skipped="0">
  <testcase classname="SeleniumConcept.day5" name="loginPage" time="0.001"/>
  <testcase classname="SeleniumConcept.day5" name="loginPage" time="0.001"/>
  <testcase classname="SeleniumConcept.day5" name="loginPage" time="0.015"/>
</testsuite> <!-- SeleniumConcept.day5 -->
